2021-11-22 18:25:26,837:INFO:PyCaret Supervised Module
2021-11-22 18:25:26,837:INFO:ML Usecase: regression
2021-11-22 18:25:26,837:INFO:version 2.3.5
2021-11-22 18:25:26,837:INFO:Initializing setup()
2021-11-22 18:25:26,838:INFO:setup(display=None, profile_kwargs=None, profile=False, verbose=True, silent=False, log_data=False, log_profile=False, log_plots=False, experiment_name=None, log_experiment=False, session_id=123, html=True, custom_pipeline=None, use_gpu=False, n_jobs=-1, fold_groups=None, fold_shuffle=False, fold=10, fold_strategy=kfold, data_split_stratify=False, data_split_shuffle=True, transform_target_method=box-cox, transform_target=False, fix_imbalance_method=None, fix_imbalance=False, interaction_threshold=0.01, feature_ratio=False, feature_interaction=False, feature_selection_method=classic, feature_selection_threshold=0.8, feature_selection=False, group_names=None, group_features=None, polynomial_threshold=0.1, trigonometry_features=False, polynomial_degree=2, polynomial_features=False, cluster_iter=20, create_clusters=False, remove_perfect_collinearity=True, multicollinearity_threshold=0.9, remove_multicollinearity=False, outliers_threshold=0.05, remove_outliers=False, bin_numeric_features=None, rare_level_threshold=0.1, combine_rare_levels=False, ignore_low_variance=False, pca_components=None, pca_method=linear, pca=False, unknown_categorical_method=least_frequent, handle_unknown_categorical=True, transformation_method=yeo-johnson, transformation=False, normalize_method=zscore, normalize=False, ignore_features=None, date_features=None, numeric_iterative_imputer=lightgbm, numeric_imputation=mean, numeric_features=None, high_cardinality_method=frequency, high_cardinality_features=None, ordinal_features=None, categorical_iterative_imputer=lightgbm, categorical_imputation=constant, categorical_features=None, iterative_imputation_iters=5, imputation_type=simple, preprocess=True, test_data=None, train_size=0.7, available_plots={'parameter': 'Hyperparameters', 'residuals': 'Residuals', 'error': 'Prediction Error', 'cooks': 'Cooks Distance', 'rfe': 'Feature Selection', 'learning': 'Learning Curve', 'manifold': 'Manifold Learning', 'vc': 'Validation Curve', 'feature': 'Feature Importance', 'feature_all': 'Feature Importance (All)', 'tree': 'Decision Tree', 'residuals_interactive': 'Interactive Residuals'}, ml_usecase=regression, target=price)
2021-11-22 18:25:26,838:INFO:Checking environment
2021-11-22 18:25:26,838:INFO:python_version: 3.6.8
2021-11-22 18:25:26,838:INFO:python_build: ('default', 'Feb 21 2019 18:30:04')
2021-11-22 18:25:26,839:INFO:machine: AMD64
2021-11-22 18:25:26,839:INFO:platform: Windows-10-10.0.19041-SP0
2021-11-22 18:25:26,839:INFO:Memory: svmem(total=8501141504, available=2364387328, percent=72.2, used=6136754176, free=2364387328)
2021-11-22 18:25:26,839:INFO:Physical Core: 2
2021-11-22 18:25:26,839:INFO:Logical Core: 4
2021-11-22 18:25:26,840:INFO:Checking libraries
2021-11-22 18:25:26,840:INFO:pd==0.24.2
2021-11-22 18:25:26,840:INFO:numpy==1.19.5
2021-11-22 18:25:26,840:INFO:sklearn==0.23.2
2021-11-22 18:25:26,840:INFO:lightgbm==3.3.1
2021-11-22 18:25:26,841:WARNING:catboost not found
2021-11-22 18:25:26,842:WARNING:xgboost not found
2021-11-22 18:25:29,610:INFO:mlflow==1.21.0
2021-11-22 18:25:29,610:INFO:Checking Exceptions
2021-11-22 18:25:29,611:INFO:Declaring global variables
2021-11-22 18:25:29,611:INFO:USI: 2b25
2021-11-22 18:25:29,611:INFO:pycaret_globals: {'imputation_classifier', 'y_train', 'transform_target_method_param', 'stratify_param', 'fold_groups_param_full', '_all_models', '_internal_pipeline', 'iterative_imputation_iters_param', 'fold_shuffle_param', 'create_model_container', 'fix_imbalance_method_param', 'target_param', 'master_model_container', 'imputation_regressor', 'fold_groups_param', 'gpu_param', 'pycaret_globals', 'transform_target_param', 'X', 'experiment__', 'fold_generator', 'seed', 'display_container', 'y', '_gpu_n_jobs_param', 'exp_name_log', 'X_test', 'log_plots_param', 'data_before_preprocess', 'USI', 'X_train', 'prep_pipe', 'html_param', 'y_test', '_all_models_internal', '_all_metrics', 'fix_imbalance_param', '_ml_usecase', 'n_jobs_param', 'logging_param', '_available_plots', 'fold_param'}
2021-11-22 18:25:29,611:INFO:Preparing display monitor
2021-11-22 18:25:29,611:INFO:Preparing display monitor
2021-11-22 18:25:29,637:INFO:Importing libraries
2021-11-22 18:25:29,638:INFO:Copying data for preprocessing
2021-11-22 18:25:29,653:INFO:Declaring preprocessing parameters
2021-11-22 18:25:29,659:INFO:Creating preprocessing pipeline
2021-11-22 18:25:29,703:INFO:Preprocessing pipeline created successfully
2021-11-22 18:25:29,703:ERROR:(Process Exit): setup has been interupted with user command 'quit'. setup must rerun.
2021-11-22 18:25:29,703:INFO:Creating global containers
2021-11-22 18:25:29,719:INFO:Internal pipeline: Pipeline(memory=None, steps=[('empty_step', 'passthrough')], verbose=False)
2021-11-22 18:25:41,687:WARNING:Couldn't import xgboost.XGBRegressor
2021-11-22 18:25:41,689:WARNING:Couldn't import catboost.CatBoostRegressor
2021-11-22 18:25:41,837:WARNING:Couldn't import xgboost.XGBRegressor
2021-11-22 18:25:41,838:WARNING:Couldn't import catboost.CatBoostRegressor
2021-11-22 18:25:41,838:INFO:Creating grid variables
2021-11-22 18:25:41,987:INFO:create_model_container: 0
2021-11-22 18:25:41,987:INFO:master_model_container: 0
2021-11-22 18:25:41,987:INFO:display_container: 1
2021-11-22 18:25:42,000:INFO:Pipeline(memory=None,
         steps=[('dtypes',
                 DataTypes_Auto_infer(categorical_features=[],
                                      display_types=True, features_todrop=[],
                                      id_columns=[], ml_usecase='regression',
                                      numerical_features=[], target='price',
                                      time_features=[])),
                ('imputer',
                 Simple_Imputer(categorical_strategy='not_available',
                                fill_value_categorical=None,
                                fill_value_numerical=None,
                                numeric_strategy='...
                ('scaling', 'passthrough'), ('P_transform', 'passthrough'),
                ('binn', 'passthrough'), ('rem_outliers', 'passthrough'),
                ('cluster_all', 'passthrough'),
                ('dummy', Dummify(target='price')),
                ('fix_perfect', Remove_100(target='price')),
                ('clean_names', Clean_Colum_Names()),
                ('feature_select', 'passthrough'), ('fix_multi', 'passthrough'),
                ('dfs', 'passthrough'), ('pca', 'passthrough')],
         verbose=False)
2021-11-22 18:25:42,000:INFO:setup() succesfully completed......................................
2021-11-22 18:27:16,909:INFO:Initializing compare_models()
2021-11-22 18:27:16,910:INFO:compare_models(display=None, verbose=True, probability_threshold=None, groups=None, fit_kwargs=None, errors=ignore, turbo=True, budget_time=None, n_select=1, sort=R2, cross_validation=True, round=4, fold=None, include=['dt', 'rf', 'xgboost'], exclude=None)
2021-11-22 18:27:16,910:INFO:Checking exceptions
2021-11-22 18:28:06,621:INFO:Initializing compare_models()
2021-11-22 18:28:06,622:INFO:compare_models(display=None, verbose=True, probability_threshold=None, groups=None, fit_kwargs=None, errors=ignore, turbo=True, budget_time=None, n_select=1, sort=R2, cross_validation=True, round=4, fold=None, include=['lr', 'dt', 'rf', 'xgboost'], exclude=None)
2021-11-22 18:28:06,622:INFO:Checking exceptions
2021-11-22 18:28:56,781:INFO:Initializing compare_models()
2021-11-22 18:28:56,781:INFO:compare_models(display=None, verbose=True, probability_threshold=None, groups=None, fit_kwargs=None, errors=ignore, turbo=True, budget_time=None, n_select=1, sort=R2, cross_validation=True, round=4, fold=None, include=['lr', 'dt', 'rf', 'lightgbm', 'ada'], exclude=None)
2021-11-22 18:28:56,782:INFO:Checking exceptions
2021-11-22 18:28:56,782:INFO:Preparing display monitor
2021-11-22 18:28:56,782:INFO:Preparing display monitor
2021-11-22 18:28:56,839:INFO:Initializing Linear Regression
2021-11-22 18:28:56,840:INFO:Total runtime is 1.6609827677408855e-05 minutes
2021-11-22 18:28:56,857:INFO:SubProcess create_model() called ==================================
2021-11-22 18:28:56,858:INFO:Initializing create_model()
2021-11-22 18:28:56,859:INFO:create_model(kwargs={}, display=<pycaret.internal.Display.Display object at 0x000001D4322638D0>, probability_threshold=None, add_to_model_list=True, metrics=None, system=False, verbose=False, refit=False, groups=None, fit_kwargs={}, predict=True, cross_validation=True, round=4, fold=KFold(n_splits=10, random_state=None, shuffle=False), estimator=lr)
2021-11-22 18:28:56,859:INFO:Checking exceptions
2021-11-22 18:28:56,860:INFO:Importing libraries
2021-11-22 18:28:56,860:INFO:Copying training dataset
2021-11-22 18:28:56,862:INFO:Defining folds
2021-11-22 18:28:56,863:INFO:Declaring metric variables
2021-11-22 18:28:56,879:INFO:Importing untrained model
2021-11-22 18:28:56,896:INFO:Linear Regression Imported succesfully
2021-11-22 18:28:56,934:INFO:Starting cross validation
2021-11-22 18:28:56,976:INFO:Cross validating with KFold(n_splits=10, random_state=None, shuffle=False), n_jobs=-1
2021-11-22 18:29:03,994:INFO:Calculating mean and std
2021-11-22 18:29:03,995:INFO:Creating metrics dataframe
2021-11-22 18:29:04,007:INFO:Uploading results into container
2021-11-22 18:29:04,007:INFO:Uploading model into container now
2021-11-22 18:29:04,007:INFO:create_model_container: 1
2021-11-22 18:29:04,008:INFO:master_model_container: 1
2021-11-22 18:29:04,008:INFO:display_container: 2
2021-11-22 18:29:04,008:INFO:LinearRegression(copy_X=True, fit_intercept=True, n_jobs=-1, normalize=False)
2021-11-22 18:29:04,008:INFO:create_model() succesfully completed......................................
2021-11-22 18:29:04,114:INFO:SubProcess create_model() end ==================================
2021-11-22 18:29:04,114:INFO:Creating metrics dataframe
2021-11-22 18:29:04,140:INFO:Initializing Decision Tree Regressor
2021-11-22 18:29:04,140:INFO:Total runtime is 0.12168446381886801 minutes
2021-11-22 18:29:04,157:INFO:SubProcess create_model() called ==================================
2021-11-22 18:29:04,158:INFO:Initializing create_model()
2021-11-22 18:29:04,158:INFO:create_model(kwargs={}, display=<pycaret.internal.Display.Display object at 0x000001D4322638D0>, probability_threshold=None, add_to_model_list=True, metrics=None, system=False, verbose=False, refit=False, groups=None, fit_kwargs={}, predict=True, cross_validation=True, round=4, fold=KFold(n_splits=10, random_state=None, shuffle=False), estimator=dt)
2021-11-22 18:29:04,158:INFO:Checking exceptions
2021-11-22 18:29:04,158:INFO:Importing libraries
2021-11-22 18:29:04,158:INFO:Copying training dataset
2021-11-22 18:29:04,160:INFO:Defining folds
2021-11-22 18:29:04,160:INFO:Declaring metric variables
2021-11-22 18:29:04,174:INFO:Importing untrained model
2021-11-22 18:29:04,190:INFO:Decision Tree Regressor Imported succesfully
2021-11-22 18:29:04,215:INFO:Starting cross validation
2021-11-22 18:29:04,217:INFO:Cross validating with KFold(n_splits=10, random_state=None, shuffle=False), n_jobs=-1
2021-11-22 18:29:04,384:INFO:Calculating mean and std
2021-11-22 18:29:04,386:INFO:Creating metrics dataframe
2021-11-22 18:29:04,392:INFO:Uploading results into container
2021-11-22 18:29:04,392:INFO:Uploading model into container now
2021-11-22 18:29:04,393:INFO:create_model_container: 2
2021-11-22 18:29:04,393:INFO:master_model_container: 2
2021-11-22 18:29:04,393:INFO:display_container: 2
2021-11-22 18:29:04,393:INFO:DecisionTreeRegressor(ccp_alpha=0.0, criterion='mse', max_depth=None,
                      max_features=None, max_leaf_nodes=None,
                      min_impurity_decrease=0.0, min_impurity_split=None,
                      min_samples_leaf=1, min_samples_split=2,
                      min_weight_fraction_leaf=0.0, presort='deprecated',
                      random_state=123, splitter='best')
2021-11-22 18:29:04,393:INFO:create_model() succesfully completed......................................
2021-11-22 18:29:04,481:INFO:SubProcess create_model() end ==================================
2021-11-22 18:29:04,481:INFO:Creating metrics dataframe
2021-11-22 18:29:04,512:INFO:Initializing Random Forest Regressor
2021-11-22 18:29:04,512:INFO:Total runtime is 0.1278774936993917 minutes
2021-11-22 18:29:04,530:INFO:SubProcess create_model() called ==================================
2021-11-22 18:29:04,530:INFO:Initializing create_model()
2021-11-22 18:29:04,531:INFO:create_model(kwargs={}, display=<pycaret.internal.Display.Display object at 0x000001D4322638D0>, probability_threshold=None, add_to_model_list=True, metrics=None, system=False, verbose=False, refit=False, groups=None, fit_kwargs={}, predict=True, cross_validation=True, round=4, fold=KFold(n_splits=10, random_state=None, shuffle=False), estimator=rf)
2021-11-22 18:29:04,531:INFO:Checking exceptions
2021-11-22 18:29:04,531:INFO:Importing libraries
2021-11-22 18:29:04,531:INFO:Copying training dataset
2021-11-22 18:29:04,534:INFO:Defining folds
2021-11-22 18:29:04,534:INFO:Declaring metric variables
2021-11-22 18:29:04,548:INFO:Importing untrained model
2021-11-22 18:29:04,561:INFO:Random Forest Regressor Imported succesfully
2021-11-22 18:29:04,597:INFO:Starting cross validation
2021-11-22 18:29:04,598:INFO:Cross validating with KFold(n_splits=10, random_state=None, shuffle=False), n_jobs=-1
2021-11-22 18:29:08,158:INFO:Calculating mean and std
2021-11-22 18:29:08,161:INFO:Creating metrics dataframe
2021-11-22 18:29:08,170:INFO:Uploading results into container
2021-11-22 18:29:08,170:INFO:Uploading model into container now
2021-11-22 18:29:08,170:INFO:create_model_container: 3
2021-11-22 18:29:08,170:INFO:master_model_container: 3
2021-11-22 18:29:08,171:INFO:display_container: 2
2021-11-22 18:29:08,172:INFO:RandomForestRegressor(bootstrap=True, ccp_alpha=0.0, criterion='mse',
                      max_depth=None, max_features='auto', max_leaf_nodes=None,
                      max_samples=None, min_impurity_decrease=0.0,
                      min_impurity_split=None, min_samples_leaf=1,
                      min_samples_split=2, min_weight_fraction_leaf=0.0,
                      n_estimators=100, n_jobs=-1, oob_score=False,
                      random_state=123, verbose=0, warm_start=False)
2021-11-22 18:29:08,172:INFO:create_model() succesfully completed......................................
2021-11-22 18:29:08,274:INFO:SubProcess create_model() end ==================================
2021-11-22 18:29:08,274:INFO:Creating metrics dataframe
2021-11-22 18:29:08,338:INFO:Initializing Light Gradient Boosting Machine
2021-11-22 18:29:08,338:INFO:Total runtime is 0.19164677858352663 minutes
2021-11-22 18:29:08,367:INFO:SubProcess create_model() called ==================================
2021-11-22 18:29:08,368:INFO:Initializing create_model()
2021-11-22 18:29:08,368:INFO:create_model(kwargs={}, display=<pycaret.internal.Display.Display object at 0x000001D4322638D0>, probability_threshold=None, add_to_model_list=True, metrics=None, system=False, verbose=False, refit=False, groups=None, fit_kwargs={}, predict=True, cross_validation=True, round=4, fold=KFold(n_splits=10, random_state=None, shuffle=False), estimator=lightgbm)
2021-11-22 18:29:08,369:INFO:Checking exceptions
2021-11-22 18:29:08,370:INFO:Importing libraries
2021-11-22 18:29:08,370:INFO:Copying training dataset
2021-11-22 18:29:08,372:INFO:Defining folds
2021-11-22 18:29:08,373:INFO:Declaring metric variables
2021-11-22 18:29:08,386:INFO:Importing untrained model
2021-11-22 18:29:08,400:INFO:Light Gradient Boosting Machine Imported succesfully
2021-11-22 18:29:08,431:INFO:Starting cross validation
2021-11-22 18:29:08,433:INFO:Cross validating with KFold(n_splits=10, random_state=None, shuffle=False), n_jobs=-1
2021-11-22 18:29:11,334:INFO:Calculating mean and std
2021-11-22 18:29:11,337:INFO:Creating metrics dataframe
2021-11-22 18:29:11,349:INFO:Uploading results into container
2021-11-22 18:29:11,349:INFO:Uploading model into container now
2021-11-22 18:29:11,350:INFO:create_model_container: 4
2021-11-22 18:29:11,350:INFO:master_model_container: 4
2021-11-22 18:29:11,350:INFO:display_container: 2
2021-11-22 18:29:11,352:INFO:LGBMRegressor(boosting_type='gbdt', class_weight=None, colsample_bytree=1.0,
              importance_type='split', learning_rate=0.1, max_depth=-1,
              min_child_samples=20, min_child_weight=0.001, min_split_gain=0.0,
              n_estimators=100, n_jobs=-1, num_leaves=31, objective=None,
              random_state=123, reg_alpha=0.0, reg_lambda=0.0, silent='warn',
              subsample=1.0, subsample_for_bin=200000, subsample_freq=0)
2021-11-22 18:29:11,352:INFO:create_model() succesfully completed......................................
2021-11-22 18:29:11,493:INFO:SubProcess create_model() end ==================================
2021-11-22 18:29:11,493:INFO:Creating metrics dataframe
2021-11-22 18:29:11,544:INFO:Initializing AdaBoost Regressor
2021-11-22 18:29:11,544:INFO:Total runtime is 0.24507157405217492 minutes
2021-11-22 18:29:11,557:INFO:SubProcess create_model() called ==================================
2021-11-22 18:29:11,558:INFO:Initializing create_model()
2021-11-22 18:29:11,558:INFO:create_model(kwargs={}, display=<pycaret.internal.Display.Display object at 0x000001D4322638D0>, probability_threshold=None, add_to_model_list=True, metrics=None, system=False, verbose=False, refit=False, groups=None, fit_kwargs={}, predict=True, cross_validation=True, round=4, fold=KFold(n_splits=10, random_state=None, shuffle=False), estimator=ada)
2021-11-22 18:29:11,558:INFO:Checking exceptions
2021-11-22 18:29:11,559:INFO:Importing libraries
2021-11-22 18:29:11,559:INFO:Copying training dataset
2021-11-22 18:29:11,561:INFO:Defining folds
2021-11-22 18:29:11,562:INFO:Declaring metric variables
2021-11-22 18:29:11,573:INFO:Importing untrained model
2021-11-22 18:29:11,586:INFO:AdaBoost Regressor Imported succesfully
2021-11-22 18:29:11,618:INFO:Starting cross validation
2021-11-22 18:29:11,619:INFO:Cross validating with KFold(n_splits=10, random_state=None, shuffle=False), n_jobs=-1
2021-11-22 18:29:12,466:INFO:Calculating mean and std
2021-11-22 18:29:12,468:INFO:Creating metrics dataframe
2021-11-22 18:29:12,474:INFO:Uploading results into container
2021-11-22 18:29:12,474:INFO:Uploading model into container now
2021-11-22 18:29:12,474:INFO:create_model_container: 5
2021-11-22 18:29:12,474:INFO:master_model_container: 5
2021-11-22 18:29:12,474:INFO:display_container: 2
2021-11-22 18:29:12,475:INFO:AdaBoostRegressor(base_estimator=None, learning_rate=1.0, loss='linear',
                  n_estimators=50, random_state=123)
2021-11-22 18:29:12,475:INFO:create_model() succesfully completed......................................
2021-11-22 18:29:12,555:INFO:SubProcess create_model() end ==================================
2021-11-22 18:29:12,555:INFO:Creating metrics dataframe
2021-11-22 18:29:12,641:INFO:Initializing create_model()
2021-11-22 18:29:12,641:INFO:create_model(kwargs={}, display=None, probability_threshold=None, add_to_model_list=True, metrics=None, system=False, verbose=False, refit=True, groups=None, fit_kwargs={}, predict=False, cross_validation=False, round=4, fold=KFold(n_splits=10, random_state=None, shuffle=False), estimator=RandomForestRegressor(bootstrap=True, ccp_alpha=0.0, criterion='mse',
                      max_depth=None, max_features='auto', max_leaf_nodes=None,
                      max_samples=None, min_impurity_decrease=0.0,
                      min_impurity_split=None, min_samples_leaf=1,
                      min_samples_split=2, min_weight_fraction_leaf=0.0,
                      n_estimators=100, n_jobs=-1, oob_score=False,
                      random_state=123, verbose=0, warm_start=False))
2021-11-22 18:29:12,641:INFO:Checking exceptions
2021-11-22 18:29:12,642:INFO:Importing libraries
2021-11-22 18:29:12,642:INFO:Copying training dataset
2021-11-22 18:29:12,642:INFO:Defining folds
2021-11-22 18:29:12,642:INFO:Declaring metric variables
2021-11-22 18:29:12,642:INFO:Importing untrained model
2021-11-22 18:29:12,643:INFO:Declaring custom model
2021-11-22 18:29:12,644:INFO:Random Forest Regressor Imported succesfully
2021-11-22 18:29:12,644:INFO:Cross validation set to False
2021-11-22 18:29:12,645:INFO:Fitting Model
2021-11-22 18:29:13,362:INFO:RandomForestRegressor(bootstrap=True, ccp_alpha=0.0, criterion='mse',
                      max_depth=None, max_features='auto', max_leaf_nodes=None,
                      max_samples=None, min_impurity_decrease=0.0,
                      min_impurity_split=None, min_samples_leaf=1,
                      min_samples_split=2, min_weight_fraction_leaf=0.0,
                      n_estimators=100, n_jobs=-1, oob_score=False,
                      random_state=123, verbose=0, warm_start=False)
2021-11-22 18:29:13,362:INFO:create_models() succesfully completed......................................
2021-11-22 18:29:13,529:INFO:create_model_container: 5
2021-11-22 18:29:13,529:INFO:master_model_container: 5
2021-11-22 18:29:13,530:INFO:display_container: 2
2021-11-22 18:29:13,530:INFO:RandomForestRegressor(bootstrap=True, ccp_alpha=0.0, criterion='mse',
                      max_depth=None, max_features='auto', max_leaf_nodes=None,
                      max_samples=None, min_impurity_decrease=0.0,
                      min_impurity_split=None, min_samples_leaf=1,
                      min_samples_split=2, min_weight_fraction_leaf=0.0,
                      n_estimators=100, n_jobs=-1, oob_score=False,
                      random_state=123, verbose=0, warm_start=False)
2021-11-22 18:29:13,530:INFO:compare_models() succesfully completed......................................
2021-11-22 18:30:11,917:INFO:Initializing create_model()
2021-11-22 18:30:11,917:INFO:create_model(kwargs={}, display=None, probability_threshold=None, add_to_model_list=True, metrics=None, system=True, verbose=True, refit=True, groups=None, fit_kwargs=None, predict=True, cross_validation=True, round=4, fold=None, estimator=rf)
2021-11-22 18:30:11,917:INFO:Checking exceptions
2021-11-22 18:30:11,918:INFO:Preparing display monitor
2021-11-22 18:30:11,960:INFO:Importing libraries
2021-11-22 18:30:11,960:INFO:Copying training dataset
2021-11-22 18:30:11,963:INFO:Defining folds
2021-11-22 18:30:11,963:INFO:Declaring metric variables
2021-11-22 18:30:11,981:INFO:Importing untrained model
2021-11-22 18:30:12,001:INFO:Random Forest Regressor Imported succesfully
2021-11-22 18:30:12,044:INFO:Starting cross validation
2021-11-22 18:30:12,047:INFO:Cross validating with KFold(n_splits=10, random_state=None, shuffle=False), n_jobs=-1
2021-11-22 18:30:15,080:INFO:Calculating mean and std
2021-11-22 18:30:15,082:INFO:Creating metrics dataframe
2021-11-22 18:30:15,099:INFO:Finalizing model
2021-11-22 18:30:15,820:INFO:Uploading results into container
2021-11-22 18:30:15,820:INFO:Uploading model into container now
2021-11-22 18:30:15,949:INFO:create_model_container: 6
2021-11-22 18:30:15,949:INFO:master_model_container: 6
2021-11-22 18:30:15,949:INFO:display_container: 3
2021-11-22 18:30:15,950:INFO:RandomForestRegressor(bootstrap=True, ccp_alpha=0.0, criterion='mse',
                      max_depth=None, max_features='auto', max_leaf_nodes=None,
                      max_samples=None, min_impurity_decrease=0.0,
                      min_impurity_split=None, min_samples_leaf=1,
                      min_samples_split=2, min_weight_fraction_leaf=0.0,
                      n_estimators=100, n_jobs=-1, oob_score=False,
                      random_state=123, verbose=0, warm_start=False)
2021-11-22 18:30:15,950:INFO:create_model() succesfully completed......................................
2021-11-22 18:34:37,056:INFO:Initializing tune_model()
2021-11-22 18:34:37,056:INFO:tune_model(kwargs={}, display=None, tuner_verbose=True, verbose=True, return_tuner=False, groups=None, fit_kwargs=None, choose_better=False, early_stopping_max_iters=10, early_stopping=False, search_algorithm=None, search_library=scikit-optimize, custom_scorer=None, optimize=R2, custom_grid=None, n_iter=10, round=4, fold=8, estimator=RandomForestRegressor(bootstrap=True, ccp_alpha=0.0, criterion='mse',
                      max_depth=None, max_features='auto', max_leaf_nodes=None,
                      max_samples=None, min_impurity_decrease=0.0,
                      min_impurity_split=None, min_samples_leaf=1,
                      min_samples_split=2, min_weight_fraction_leaf=0.0,
                      n_estimators=100, n_jobs=-1, oob_score=False,
                      random_state=123, verbose=0, warm_start=False))
2021-11-22 18:34:37,056:INFO:Checking exceptions
2021-11-22 18:34:37,082:INFO:Preparing display monitor
2021-11-22 18:34:37,115:INFO:Copying training dataset
2021-11-22 18:34:37,117:INFO:Checking base model
2021-11-22 18:34:37,117:INFO:Base model : Random Forest Regressor
2021-11-22 18:34:37,135:INFO:Declaring metric variables
2021-11-22 18:34:37,152:INFO:Defining Hyperparameters
2021-11-22 18:34:37,250:INFO:Tuning with n_jobs=-1
2021-11-22 18:34:37,256:INFO:Initializing skopt.BayesSearchCV
2021-11-22 18:35:06,055:INFO:best_params: OrderedDict([('actual_estimator__bootstrap', True), ('actual_estimator__criterion', 'mse'), ('actual_estimator__max_depth', 10), ('actual_estimator__max_features', 0.6393702975425009), ('actual_estimator__min_impurity_decrease', 0.022024452554862763), ('actual_estimator__min_samples_leaf', 2), ('actual_estimator__min_samples_split', 3), ('actual_estimator__n_estimators', 149)])
2021-11-22 18:35:06,056:INFO:Hyperparameter search completed
2021-11-22 18:35:06,056:INFO:SubProcess create_model() called ==================================
2021-11-22 18:35:06,058:INFO:Initializing create_model()
2021-11-22 18:35:06,058:INFO:create_model(kwargs={'bootstrap': True, 'criterion': 'mse', 'max_depth': 10, 'max_features': 0.6393702975425009, 'min_impurity_decrease': 0.022024452554862763, 'min_samples_leaf': 2, 'min_samples_split': 3, 'n_estimators': 149}, display=<pycaret.internal.Display.Display object at 0x000001D43ABBCE80>, probability_threshold=None, add_to_model_list=True, metrics=None, system=False, verbose=True, refit=True, groups=None, fit_kwargs={}, predict=True, cross_validation=True, round=4, fold=KFold(n_splits=8, random_state=None, shuffle=False), estimator=RandomForestRegressor(bootstrap=True, ccp_alpha=0.0, criterion='mse',
                      max_depth=None, max_features='auto', max_leaf_nodes=None,
                      max_samples=None, min_impurity_decrease=0.0,
                      min_impurity_split=None, min_samples_leaf=1,
                      min_samples_split=2, min_weight_fraction_leaf=0.0,
                      n_estimators=100, n_jobs=-1, oob_score=False,
                      random_state=123, verbose=0, warm_start=False))
2021-11-22 18:35:06,059:INFO:Checking exceptions
2021-11-22 18:35:06,059:INFO:Importing libraries
2021-11-22 18:35:06,059:INFO:Copying training dataset
2021-11-22 18:35:06,061:INFO:Defining folds
2021-11-22 18:35:06,061:INFO:Declaring metric variables
2021-11-22 18:35:06,078:INFO:Importing untrained model
2021-11-22 18:35:06,078:INFO:Declaring custom model
2021-11-22 18:35:06,102:INFO:Random Forest Regressor Imported succesfully
2021-11-22 18:35:06,142:INFO:Starting cross validation
2021-11-22 18:35:06,144:INFO:Cross validating with KFold(n_splits=8, random_state=None, shuffle=False), n_jobs=-1
2021-11-22 18:35:08,784:INFO:Calculating mean and std
2021-11-22 18:35:08,785:INFO:Creating metrics dataframe
2021-11-22 18:35:08,800:INFO:Finalizing model
2021-11-22 18:35:09,658:INFO:Uploading results into container
2021-11-22 18:35:09,659:INFO:Uploading model into container now
2021-11-22 18:35:09,659:INFO:create_model_container: 7
2021-11-22 18:35:09,660:INFO:master_model_container: 7
2021-11-22 18:35:09,660:INFO:display_container: 4
2021-11-22 18:35:09,660:INFO:RandomForestRegressor(bootstrap=True, ccp_alpha=0.0, criterion='mse',
                      max_depth=10, max_features=0.6393702975425009,
                      max_leaf_nodes=None, max_samples=None,
                      min_impurity_decrease=0.022024452554862763,
                      min_impurity_split=None, min_samples_leaf=2,
                      min_samples_split=3, min_weight_fraction_leaf=0.0,
                      n_estimators=149, n_jobs=-1, oob_score=False,
                      random_state=123, verbose=0, warm_start=False)
2021-11-22 18:35:09,661:INFO:create_model() succesfully completed......................................
2021-11-22 18:35:09,746:INFO:SubProcess create_model() end ==================================
2021-11-22 18:35:09,820:INFO:create_model_container: 7
2021-11-22 18:35:09,821:INFO:master_model_container: 7
2021-11-22 18:35:09,821:INFO:display_container: 4
2021-11-22 18:35:09,821:INFO:RandomForestRegressor(bootstrap=True, ccp_alpha=0.0, criterion='mse',
                      max_depth=10, max_features=0.6393702975425009,
                      max_leaf_nodes=None, max_samples=None,
                      min_impurity_decrease=0.022024452554862763,
                      min_impurity_split=None, min_samples_leaf=2,
                      min_samples_split=3, min_weight_fraction_leaf=0.0,
                      n_estimators=149, n_jobs=-1, oob_score=False,
                      random_state=123, verbose=0, warm_start=False)
2021-11-22 18:35:09,821:INFO:tune_model() succesfully completed......................................
2021-11-22 18:35:45,439:INFO:Initializing plot_model()
2021-11-22 18:35:45,439:INFO:plot_model(is_in_evaluate=False, verbose=True, use_train_data=False, fold=None, system=True, scale=1, save=False, plot=feature, label=False, groups=None, fit_kwargs=None, feature_name=None, estimator=RandomForestRegressor(bootstrap=True, ccp_alpha=0.0, criterion='mse',
                      max_depth=10, max_features=0.6393702975425009,
                      max_leaf_nodes=None, max_samples=None,
                      min_impurity_decrease=0.022024452554862763,
                      min_impurity_split=None, min_samples_leaf=2,
                      min_samples_split=3, min_weight_fraction_leaf=0.0,
                      n_estimators=149, n_jobs=-1, oob_score=False,
                      random_state=123, verbose=0, warm_start=False), display_format=None, display=None)
2021-11-22 18:35:45,440:INFO:Checking exceptions
2021-11-22 18:35:45,553:INFO:Preparing display monitor
2021-11-22 18:35:45,562:INFO:Preloading libraries
2021-11-22 18:35:45,587:INFO:Copying training dataset
2021-11-22 18:35:45,589:INFO:Copying test dataset
2021-11-22 18:35:45,589:INFO:Plot type: feature
2021-11-22 18:35:45,808:WARNING:No coef_ found. Trying feature_importances_
2021-11-22 18:35:46,163:INFO:Visual Rendered Successfully
2021-11-22 18:35:46,253:INFO:plot_model() succesfully completed......................................
2021-11-22 18:38:37,887:INFO:Initializing interpret_model()
2021-11-22 18:38:37,887:INFO:interpret_model(y_new_sample=None, X_new_sample=None, use_train_data=False, estimator=RandomForestRegressor(bootstrap=True, ccp_alpha=0.0, criterion='mse',
                      max_depth=10, max_features=0.6393702975425009,
                      max_leaf_nodes=None, max_samples=None,
                      min_impurity_decrease=0.022024452554862763,
                      min_impurity_split=None, min_samples_leaf=2,
                      min_samples_split=3, min_weight_fraction_leaf=0.0,
                      n_estimators=149, n_jobs=-1, oob_score=False,
                      random_state=123, verbose=0, warm_start=False), save=False, plot=summary, observation=None, kwargs={}, feature=None)
2021-11-22 18:38:37,887:INFO:Checking exceptions
2021-11-22 18:38:37,889:ERROR:shap library not found. pip install shap to use interpret_model function.
2021-11-22 18:39:49,856:INFO:Initializing interpret_model()
2021-11-22 18:39:49,856:INFO:interpret_model(y_new_sample=None, X_new_sample=None, use_train_data=False, estimator=RandomForestRegressor(bootstrap=True, ccp_alpha=0.0, criterion='mse',
                      max_depth=10, max_features=0.6393702975425009,
                      max_leaf_nodes=None, max_samples=None,
                      min_impurity_decrease=0.022024452554862763,
                      min_impurity_split=None, min_samples_leaf=2,
                      min_samples_split=3, min_weight_fraction_leaf=0.0,
                      n_estimators=149, n_jobs=-1, oob_score=False,
                      random_state=123, verbose=0, warm_start=False), save=False, plot=summary, observation=None, kwargs={}, feature=None)
2021-11-22 18:39:49,856:INFO:Checking exceptions
2021-11-22 18:39:51,668:INFO:plot type: summary
2021-11-22 18:39:51,668:INFO:Creating TreeExplainer
2021-11-22 18:39:51,675:INFO:Compiling shap values
2021-11-22 18:39:52,326:INFO:Visual Rendered Successfully
2021-11-22 18:39:52,326:INFO:interpret_model() succesfully completed......................................
2021-11-22 18:40:48,582:INFO:Initializing interpret_model()
2021-11-22 18:40:48,582:INFO:interpret_model(y_new_sample=None, X_new_sample=None, use_train_data=False, estimator=RandomForestRegressor(bootstrap=True, ccp_alpha=0.0, criterion='mse',
                      max_depth=10, max_features=0.6393702975425009,
                      max_leaf_nodes=None, max_samples=None,
                      min_impurity_decrease=0.022024452554862763,
                      min_impurity_split=None, min_samples_leaf=2,
                      min_samples_split=3, min_weight_fraction_leaf=0.0,
                      n_estimators=149, n_jobs=-1, oob_score=False,
                      random_state=123, verbose=0, warm_start=False), save=False, plot=correlation, observation=None, kwargs={}, feature=None)
2021-11-22 18:40:48,583:INFO:Checking exceptions
2021-11-22 18:40:48,583:INFO:plot type: correlation
2021-11-22 18:40:48,583:WARNING:No feature passed. Default value of feature used for correlation plot: normalized-losses
2021-11-22 18:40:48,584:INFO:Creating TreeExplainer
2021-11-22 18:40:48,595:INFO:Compiling shap values
2021-11-22 18:40:48,680:INFO:model type detected: type 2
2021-11-22 18:40:49,083:INFO:Visual Rendered Successfully
2021-11-22 18:40:49,084:INFO:interpret_model() succesfully completed......................................
2021-11-22 18:41:17,407:INFO:Initializing interpret_model()
2021-11-22 18:41:17,407:INFO:interpret_model(y_new_sample=None, X_new_sample=None, use_train_data=False, estimator=RandomForestRegressor(bootstrap=True, ccp_alpha=0.0, criterion='mse',
                      max_depth=10, max_features=0.6393702975425009,
                      max_leaf_nodes=None, max_samples=None,
                      min_impurity_decrease=0.022024452554862763,
                      min_impurity_split=None, min_samples_leaf=2,
                      min_samples_split=3, min_weight_fraction_leaf=0.0,
                      n_estimators=149, n_jobs=-1, oob_score=False,
                      random_state=123, verbose=0, warm_start=False), save=False, plot=reason, observation=10, kwargs={}, feature=None)
2021-11-22 18:41:17,407:INFO:Checking exceptions
2021-11-22 18:41:17,408:INFO:plot type: reason
2021-11-22 18:41:17,408:INFO:model type detected: type 2
2021-11-22 18:41:17,408:INFO:Creating TreeExplainer
2021-11-22 18:41:17,422:INFO:Compiling shap values
2021-11-22 18:41:17,523:INFO:Visual Rendered Successfully
2021-11-22 18:41:17,523:INFO:interpret_model() succesfully completed......................................
2021-11-22 18:49:14,082:INFO:Initializing predict_model()
2021-11-22 18:49:14,083:INFO:predict_model(display=None, ml_usecase=MLUsecase.REGRESSION, verbose=True, round=4, raw_score=False, encoded_labels=True, probability_threshold=None, estimator=RandomForestRegressor(bootstrap=True, ccp_alpha=0.0, criterion='mse',
                      max_depth=10, max_features=0.6393702975425009,
                      max_leaf_nodes=None, max_samples=None,
                      min_impurity_decrease=0.022024452554862763,
                      min_impurity_split=None, min_samples_leaf=2,
                      min_samples_split=3, min_weight_fraction_leaf=0.0,
                      n_estimators=149, n_jobs=-1, oob_score=False,
                      random_state=123, verbose=0, warm_start=False))
2021-11-22 18:49:14,083:INFO:Checking exceptions
2021-11-22 18:49:14,083:INFO:Preloading libraries
2021-11-22 18:49:14,084:INFO:Preparing display monitor
2021-11-22 18:49:26,700:INFO:Initializing predict_model()
2021-11-22 18:49:26,700:INFO:predict_model(display=None, ml_usecase=MLUsecase.REGRESSION, verbose=True, round=4, raw_score=False, encoded_labels=True, probability_threshold=None, estimator=RandomForestRegressor(bootstrap=True, ccp_alpha=0.0, criterion='mse',
                      max_depth=10, max_features=0.6393702975425009,
                      max_leaf_nodes=None, max_samples=None,
                      min_impurity_decrease=0.022024452554862763,
                      min_impurity_split=None, min_samples_leaf=2,
                      min_samples_split=3, min_weight_fraction_leaf=0.0,
                      n_estimators=149, n_jobs=-1, oob_score=False,
                      random_state=123, verbose=0, warm_start=False))
2021-11-22 18:49:26,700:INFO:Checking exceptions
2021-11-22 18:49:26,700:INFO:Preloading libraries
2021-11-22 18:49:26,701:INFO:Preparing display monitor
2021-11-22 18:49:40,946:INFO:Initializing predict_model()
2021-11-22 18:49:40,947:INFO:predict_model(display=None, ml_usecase=MLUsecase.REGRESSION, verbose=True, round=4, raw_score=False, encoded_labels=True, probability_threshold=None, estimator=RandomForestRegressor(bootstrap=True, ccp_alpha=0.0, criterion='mse',
                      max_depth=10, max_features=0.6393702975425009,
                      max_leaf_nodes=None, max_samples=None,
                      min_impurity_decrease=0.022024452554862763,
                      min_impurity_split=None, min_samples_leaf=2,
                      min_samples_split=3, min_weight_fraction_leaf=0.0,
                      n_estimators=149, n_jobs=-1, oob_score=False,
                      random_state=123, verbose=0, warm_start=False))
2021-11-22 18:49:40,947:INFO:Checking exceptions
2021-11-22 18:49:40,947:INFO:Preloading libraries
2021-11-22 18:49:40,947:INFO:Preparing display monitor
2021-11-22 18:51:06,468:INFO:Initializing save_model()
2021-11-22 18:51:06,468:INFO:save_model(kwargs={}, verbose=True, prep_pipe_=Pipeline(memory=None,
         steps=[('dtypes',
                 DataTypes_Auto_infer(categorical_features=[],
                                      display_types=True, features_todrop=[],
                                      id_columns=[], ml_usecase='regression',
                                      numerical_features=[], target='price',
                                      time_features=[])),
                ('imputer',
                 Simple_Imputer(categorical_strategy='not_available',
                                fill_value_categorical=None,
                                fill_value_numerical=None,
                                numeric_strategy='...
                ('scaling', 'passthrough'), ('P_transform', 'passthrough'),
                ('binn', 'passthrough'), ('rem_outliers', 'passthrough'),
                ('cluster_all', 'passthrough'),
                ('dummy', Dummify(target='price')),
                ('fix_perfect', Remove_100(target='price')),
                ('clean_names', Clean_Colum_Names()),
                ('feature_select', 'passthrough'), ('fix_multi', 'passthrough'),
                ('dfs', 'passthrough'), ('pca', 'passthrough')],
         verbose=False), model_name=rf_model_auto, model=RandomForestRegressor(bootstrap=True, ccp_alpha=0.0, criterion='mse',
                      max_depth=10, max_features=0.6393702975425009,
                      max_leaf_nodes=None, max_samples=None,
                      min_impurity_decrease=0.022024452554862763,
                      min_impurity_split=None, min_samples_leaf=2,
                      min_samples_split=3, min_weight_fraction_leaf=0.0,
                      n_estimators=149, n_jobs=-1, oob_score=False,
                      random_state=123, verbose=0, warm_start=False))
2021-11-22 18:51:06,468:INFO:Adding model into prep_pipe
2021-11-22 18:51:06,642:INFO:rf_model_auto.pkl saved in current working directory
2021-11-22 18:51:06,657:INFO:Pipeline(memory=None,
         steps=[('dtypes',
                 DataTypes_Auto_infer(categorical_features=[],
                                      display_types=True, features_todrop=[],
                                      id_columns=[], ml_usecase='regression',
                                      numerical_features=[], target='price',
                                      time_features=[])),
                ('imputer',
                 Simple_Imputer(categorical_strategy='not_available',
                                fill_value_categorical=None,
                                fill_value_numerical=None,
                                numeric_strategy='...
                 RandomForestRegressor(bootstrap=True, ccp_alpha=0.0,
                                       criterion='mse', max_depth=10,
                                       max_features=0.6393702975425009,
                                       max_leaf_nodes=None, max_samples=None,
                                       min_impurity_decrease=0.022024452554862763,
                                       min_impurity_split=None,
                                       min_samples_leaf=2, min_samples_split=3,
                                       min_weight_fraction_leaf=0.0,
                                       n_estimators=149, n_jobs=-1,
                                       oob_score=False, random_state=123,
                                       verbose=0, warm_start=False)]],
         verbose=False)
2021-11-22 18:51:06,657:INFO:save_model() successfully completed......................................
2021-11-22 18:51:35,521:INFO:Initializing load_model()
2021-11-22 18:51:35,522:INFO:load_model(verbose=True, authentication=None, platform=None, model_name=rf_model_auto)
2021-11-22 18:51:56,065:INFO:Initializing predict_model()
2021-11-22 18:51:56,066:INFO:predict_model(display=None, ml_usecase=MLUsecase.REGRESSION, verbose=True, round=4, raw_score=False, encoded_labels=True, probability_threshold=None, estimator=Pipeline(memory=None,
         steps=[('dtypes',
                 DataTypes_Auto_infer(categorical_features=[],
                                      display_types=True, features_todrop=[],
                                      id_columns=[], ml_usecase='regression',
                                      numerical_features=[], target='price',
                                      time_features=[])),
                ('imputer',
                 Simple_Imputer(categorical_strategy='not_available',
                                fill_value_categorical=None,
                                fill_value_numerical=None,
                                numeric_strategy='...
                 RandomForestRegressor(bootstrap=True, ccp_alpha=0.0,
                                       criterion='mse', max_depth=10,
                                       max_features=0.6393702975425009,
                                       max_leaf_nodes=None, max_samples=None,
                                       min_impurity_decrease=0.022024452554862763,
                                       min_impurity_split=None,
                                       min_samples_leaf=2, min_samples_split=3,
                                       min_weight_fraction_leaf=0.0,
                                       n_estimators=149, n_jobs=-1,
                                       oob_score=False, random_state=123,
                                       verbose=0, warm_start=False)]],
         verbose=False))
2021-11-22 18:51:56,066:INFO:Checking exceptions
2021-11-22 18:51:56,066:INFO:Preloading libraries
2021-11-22 18:51:56,066:INFO:Preparing display monitor
